<?xml version="1.0" encoding="UTF-8"?>
<testng-results ignored="0" total="3" passed="2" failed="1" skipped="0">
  <reporter-output>
  </reporter-output>
  <suite started-at="2023-09-25T16:28:01 IST" name="Default suite" finished-at="2023-09-25T16:28:55 IST" duration-ms="53836">
    <groups>
    </groups>
    <test started-at="2023-09-25T16:28:01 IST" name="Default test" finished-at="2023-09-25T16:28:55 IST" duration-ms="53836">
      <class name="module_test.testclass">
        <test-method is-config="true" signature="OpenBrowser()[pri:0, instance:module_test.testclass@1ca3b418]" started-at="2023-09-25T16:28:01 IST" name="OpenBrowser" finished-at="2023-09-25T16:28:17 IST" duration-ms="16161" status="PASS">
          <reporter-output>
          </reporter-output>
        </test-method> <!-- OpenBrowser -->
        <test-method is-config="true" signature="LoginToAPP()[pri:0, instance:module_test.testclass@1ca3b418]" started-at="2023-09-25T16:28:17 IST" name="LoginToAPP" finished-at="2023-09-25T16:28:23 IST" duration-ms="6021" status="PASS">
          <reporter-output>
          </reporter-output>
        </test-method> <!-- LoginToAPP -->
        <test-method signature="VerifyUserName()[pri:1, instance:module_test.testclass@1ca3b418]" started-at="2023-09-25T16:28:23 IST" name="VerifyUserName" finished-at="2023-09-25T16:28:25 IST" duration-ms="2119" status="PASS">
          <reporter-output>
          </reporter-output>
        </test-method> <!-- VerifyUserName -->
        <test-method is-config="true" signature="LogoutFromApp(org.testng.ITestResult)[pri:0, instance:module_test.testclass@1ca3b418]" started-at="2023-09-25T16:28:25 IST" name="LogoutFromApp" finished-at="2023-09-25T16:28:26 IST" duration-ms="1227" status="PASS">
          <params>
            <param index="0">
              <value>
                <![CDATA[[TestResult name=VerifyUserName status=SUCCESS method=testclass.VerifyUserName()[pri:1, instance:module_test.testclass@1ca3b418] output={null}]]]>
              </value>
            </param>
          </params>
          <reporter-output>
          </reporter-output>
        </test-method> <!-- LogoutFromApp -->
        <test-method is-config="true" signature="LoginToAPP()[pri:0, instance:module_test.testclass@1ca3b418]" started-at="2023-09-25T16:28:26 IST" name="LoginToAPP" finished-at="2023-09-25T16:28:28 IST" duration-ms="1400" status="PASS">
          <reporter-output>
          </reporter-output>
        </test-method> <!-- LoginToAPP -->
        <test-method signature="GetTitleofApp()[pri:2, instance:module_test.testclass@1ca3b418]" started-at="2023-09-25T16:28:28 IST" name="GetTitleofApp" finished-at="2023-09-25T16:28:28 IST" duration-ms="118" status="PASS">
          <reporter-output>
          </reporter-output>
        </test-method> <!-- GetTitleofApp -->
        <test-method is-config="true" signature="LogoutFromApp(org.testng.ITestResult)[pri:0, instance:module_test.testclass@1ca3b418]" started-at="2023-09-25T16:28:28 IST" name="LogoutFromApp" finished-at="2023-09-25T16:28:29 IST" duration-ms="1043" status="PASS">
          <params>
            <param index="0">
              <value>
                <![CDATA[[TestResult name=GetTitleofApp status=SUCCESS method=testclass.GetTitleofApp()[pri:2, instance:module_test.testclass@1ca3b418] output={null}]]]>
              </value>
            </param>
          </params>
          <reporter-output>
          </reporter-output>
        </test-method> <!-- LogoutFromApp -->
        <test-method is-config="true" signature="LoginToAPP()[pri:0, instance:module_test.testclass@1ca3b418]" started-at="2023-09-25T16:28:29 IST" name="LoginToAPP" finished-at="2023-09-25T16:28:30 IST" duration-ms="921" status="PASS">
          <reporter-output>
          </reporter-output>
        </test-method> <!-- LoginToAPP -->
        <test-method signature="BookAHotel()[pri:3, instance:module_test.testclass@1ca3b418]" started-at="2023-09-25T16:28:30 IST" name="BookAHotel" finished-at="2023-09-25T16:28:50 IST" duration-ms="20215" status="FAIL">
          <exception class="org.openqa.selenium.NoSuchElementException">
            <message>
              <![CDATA[Cannot locate option with text: "2023"
For documentation on this error, please visit: https://www.selenium.dev/documentation/webdriver/troubleshooting/errors#no-such-element-exception
Build info: version: '4.12.1', revision: '8e34639b11'
System info: os.name: 'Windows 10', os.arch: 'amd64', os.version: '10.0', java.version: '17.0.3'
Driver info: driver.version: unknown]]>
            </message>
            <full-stacktrace>
              <![CDATA[org.openqa.selenium.NoSuchElementException: Cannot locate option with text: "2023"
For documentation on this error, please visit: https://www.selenium.dev/documentation/webdriver/troubleshooting/errors#no-such-element-exception
Build info: version: '4.12.1', revision: '8e34639b11'
System info: os.name: 'Windows 10', os.arch: 'amd64', os.version: '10.0', java.version: '17.0.3'
Driver info: driver.version: unknown
at org.openqa.selenium.support.ui.Select.selectByVisibleText(Select.java:153)
at Module1.adactin_home.SelectEDYear(adactin_home.java:170)
at module_test.testclass.BookAHotel(testclass.java:111)
at java.base/jdk.internal.reflect.NativeMethodAccessorImpl.invoke0(Native Method)
at java.base/jdk.internal.reflect.NativeMethodAccessorImpl.invoke(NativeMethodAccessorImpl.java:77)
at java.base/jdk.internal.reflect.DelegatingMethodAccessorImpl.invoke(DelegatingMethodAccessorImpl.java:43)
at java.base/java.lang.reflect.Method.invoke(Method.java:568)
at org.testng.internal.invokers.MethodInvocationHelper.invokeMethod(MethodInvocationHelper.java:139)
at org.testng.internal.invokers.TestInvoker.invokeMethod(TestInvoker.java:664)
at org.testng.internal.invokers.TestInvoker.invokeTestMethod(TestInvoker.java:227)
at org.testng.internal.invokers.MethodRunner.runInSequence(MethodRunner.java:50)
at org.testng.internal.invokers.TestInvoker$MethodInvocationAgent.invoke(TestInvoker.java:957)
at org.testng.internal.invokers.TestInvoker.invokeTestMethods(TestInvoker.java:200)
at org.testng.internal.invokers.TestMethodWorker.invokeTestMethods(TestMethodWorker.java:148)
at org.testng.internal.invokers.TestMethodWorker.run(TestMethodWorker.java:128)
at java.base/java.util.ArrayList.forEach(ArrayList.java:1511)
at org.testng.TestRunner.privateRun(TestRunner.java:848)
at org.testng.TestRunner.run(TestRunner.java:621)
at org.testng.SuiteRunner.runTest(SuiteRunner.java:443)
at org.testng.SuiteRunner.runSequentially(SuiteRunner.java:437)
at org.testng.SuiteRunner.privateRun(SuiteRunner.java:397)
at org.testng.SuiteRunner.run(SuiteRunner.java:336)
at org.testng.SuiteRunnerWorker.runSuite(SuiteRunnerWorker.java:52)
at org.testng.SuiteRunnerWorker.run(SuiteRunnerWorker.java:95)
at org.testng.TestNG.runSuitesSequentially(TestNG.java:1280)
at org.testng.TestNG.runSuitesLocally(TestNG.java:1200)
at org.testng.TestNG.runSuites(TestNG.java:1114)
at org.testng.TestNG.run(TestNG.java:1082)
at org.testng.remote.AbstractRemoteTestNG.run(AbstractRemoteTestNG.java:115)
at org.testng.remote.RemoteTestNG.initAndRun(RemoteTestNG.java:251)
at org.testng.remote.RemoteTestNG.main(RemoteTestNG.java:77)
]]>
            </full-stacktrace>
          </exception> <!-- org.openqa.selenium.NoSuchElementException -->
          <reporter-output>
          </reporter-output>
        </test-method> <!-- BookAHotel -->
        <test-method is-config="true" signature="LogoutFromApp(org.testng.ITestResult)[pri:0, instance:module_test.testclass@1ca3b418]" started-at="2023-09-25T16:28:50 IST" name="LogoutFromApp" finished-at="2023-09-25T16:28:53 IST" duration-ms="3282" status="PASS">
          <params>
            <param index="0">
              <value>
                <![CDATA[[TestResult name=BookAHotel status=FAILURE method=testclass.BookAHotel()[pri:3, instance:module_test.testclass@1ca3b418] output={null}]]]>
              </value>
            </param>
          </params>
          <reporter-output>
          </reporter-output>
        </test-method> <!-- LogoutFromApp -->
        <test-method is-config="true" signature="CloseBrowser()[pri:0, instance:module_test.testclass@1ca3b418]" started-at="2023-09-25T16:28:53 IST" name="CloseBrowser" finished-at="2023-09-25T16:28:55 IST" duration-ms="1168" status="PASS">
          <reporter-output>
          </reporter-output>
        </test-method> <!-- CloseBrowser -->
      </class> <!-- module_test.testclass -->
    </test> <!-- Default test -->
  </suite> <!-- Default suite -->
</testng-results>
